--progress is a global compose flag, better use `docker compose --progress xx build ...
time="2026-04-11T10:38:39+08:00" level=warning msg="C:\\Users\\zehao\\Documents\\new-api\\docker-compose.dev.yml: the attribute `version` is obsolete, it will be ignored, please remove it to avoid potential confusion"
 Image new-api-new-api Building 
#1 [internal] load local bake definitions
#1 reading from stdin 529B 0.0s done
#1 DONE 0.0s

#2 [internal] load build definition from Dockerfile
#2 transferring dockerfile: 1.21kB 0.0s done
#2 DONE 0.1s

#3 [internal] load metadata for docker.io/library/debian:bookworm-slim@sha256:f06537653ac770703bc45b4b113475bd402f451e85223f0f2837acbf89ab020a
#3 ...

#4 [internal] load metadata for docker.io/oven/bun:1@sha256:0733e50325078969732ebe3b15ce4c4be5082f18c4ac1a0f0ca4839c2e4e42a7
#4 ...

#5 [internal] load metadata for docker.io/library/golang:1.26.1-alpine@sha256:2389ebfa5b7f43eeafbd6be0c3700cc46690ef842ad962f6c5bd6be49ed82039
#5 ERROR: failed to authorize: failed to fetch anonymous token: Get "https://auth.docker.io/token?scope=repository%3Alibrary%2Fgolang%3Apull&service=registry.docker.io": dial tcp 128.242.245.157:443: connectex: A connection attempt failed because the connected party did not properly respond after a period of time, or established connection failed because connected host has failed to respond.

#3 [internal] load metadata for docker.io/library/debian:bookworm-slim@sha256:f06537653ac770703bc45b4b113475bd402f451e85223f0f2837acbf89ab020a
#3 ERROR: failed to authorize: failed to fetch anonymous token: Get "https://auth.docker.io/token?scope=repository%3Alibrary%2Fdebian%3Apull&service=registry.docker.io": dial tcp 128.242.245.157:443: connectex: A connection attempt failed because the connected party did not properly respond after a period of time, or established connection failed because connected host has failed to respond.

#4 [internal] load metadata for docker.io/oven/bun:1@sha256:0733e50325078969732ebe3b15ce4c4be5082f18c4ac1a0f0ca4839c2e4e42a7
#4 ERROR: failed to authorize: failed to fetch anonymous token: Get "https://auth.docker.io/token?scope=repository%3Aoven%2Fbun%3Apull&service=registry.docker.io": dial tcp 128.242.245.157:443: connectex: A connection attempt failed because the connected party did not properly respond after a period of time, or established connection failed because connected host has failed to respond.
------
 > [internal] load metadata for docker.io/library/debian:bookworm-slim@sha256:f06537653ac770703bc45b4b113475bd402f451e85223f0f2837acbf89ab020a:
------
------
 > [internal] load metadata for docker.io/library/golang:1.26.1-alpine@sha256:2389ebfa5b7f43eeafbd6be0c3700cc46690ef842ad962f6c5bd6be49ed82039:
------
------
 > [internal] load metadata for docker.io/oven/bun:1@sha256:0733e50325078969732ebe3b15ce4c4be5082f18c4ac1a0f0ca4839c2e4e42a7:
------
Dockerfile:28

--------------------

  26 |     RUN go build -ldflags "-s -w -X 'github.com/QuantumNous/new-api/common.Version=$(cat VERSION)'" -o new-api

  27 |     

  28 | >>> FROM debian:bookworm-slim@sha256:f06537653ac770703bc45b4b113475bd402f451e85223f0f2837acbf89ab020a

  29 |     

  30 |     RUN apt-get update \

--------------------

failed to solve: failed to fetch anonymous token: Get "https://auth.docker.io/token?scope=repository%3Alibrary%2Fdebian%3Apull&service=registry.docker.io": dial tcp 128.242.245.157:443: connectex: A connection attempt failed because the connected party did not properly respond after a period of time, or established connection failed because connected host has failed to respond.

